<?xml version="1.0" encoding="UTF-8"?>
<testsuite xmlns:xsi="http://www.w3.org/2001/XMLSchema-instance" xsi:noNamespaceSchemaLocation="https://maven.apache.org/surefire/maven-surefire-plugin/xsd/surefire-test-report-3.0.xsd" version="3.0" name="org.acme.hibernate.orm.panache.FruitsEndpointTest" time="8.19" tests="3" errors="1" skipped="2" failures="0">
  <properties>
[...]
</properties>
  <testcase name="testEntityNotFoundForDelete" classname="org.acme.hibernate.orm.panache.FruitsEndpointTest" time="0.024">
    <error message="java.lang.RuntimeException: io.quarkus.builder.BuildException: Build failure: Build failed due to errors&#10;	[error]: Build step io.quarkus.deployment.steps.CapabilityAggregationStep#aggregateCapabilities threw an exception: java.lang.IllegalStateException: Please make sure there is only one provider of the following capabilities:&#10;capability io.quarkus.rest is provided by:&#10;  - io.quarkus:quarkus-rest:3.15.1&#10;  - io.quarkus:quarkus-resteasy:3.15.1&#10;&#10;	at io.quarkus.deployment.steps.CapabilityAggregationStep.aggregateCapabilities(CapabilityAggregationStep.java:158)&#10;	at java.base/java.lang.invoke.MethodHandle.invokeWithArguments(MethodHandle.java:733)&#10;	at io.quarkus.deployment.ExtensionLoader$3.execute(ExtensionLoader.java:856)&#10;	at io.quarkus.builder.BuildContext.run(BuildContext.java:256)&#10;	at org.jboss.threads.ContextHandler$1.runWith(ContextHandler.java:18)&#10;	at org.jboss.threads.EnhancedQueueExecutor$Task.doRunWith(EnhancedQueueExecutor.java:2516)&#10;	at org.jboss.threads.EnhancedQueueExecutor$Task.run(EnhancedQueueExecutor.java:2495)&#10;	at org.jboss.threads.EnhancedQueueExecutor$ThreadBody.run(EnhancedQueueExecutor.java:1521)&#10;	at java.base/java.lang.Thread.run(Thread.java:1589)&#10;	at org.jboss.threads.JBossThread.run(JBossThread.java:483)&#10;" type="java.lang.RuntimeException"><![CDATA[java.lang.RuntimeException: 
java.lang.RuntimeException: io.quarkus.builder.BuildException: Build failure: Build failed due to errors
	[error]: Build step io.quarkus.deployment.steps.CapabilityAggregationStep#aggregateCapabilities threw an exception: java.lang.IllegalStateException: Please make sure there is only one provider of the following capabilities:
capability io.quarkus.rest is provided by:
  - io.quarkus:quarkus-rest:3.15.1
  - io.quarkus:quarkus-resteasy:3.15.1

	at io.quarkus.deployment.steps.CapabilityAggregationStep.aggregateCapabilities(CapabilityAggregationStep.java:158)
	at java.base/java.lang.invoke.MethodHandle.invokeWithArguments(MethodHandle.java:733)
	at io.quarkus.deployment.ExtensionLoader$3.execute(ExtensionLoader.java:856)
	at io.quarkus.builder.BuildContext.run(BuildContext.java:256)
	at org.jboss.threads.ContextHandler$1.runWith(ContextHandler.java:18)
	at org.jboss.threads.EnhancedQueueExecutor$Task.doRunWith(EnhancedQueueExecutor.java:2516)
	at org.jboss.threads.EnhancedQueueExecutor$Task.run(EnhancedQueueExecutor.java:2495)
	at org.jboss.threads.EnhancedQueueExecutor$ThreadBody.run(EnhancedQueueExecutor.java:1521)
	at java.base/java.lang.Thread.run(Thread.java:1589)
	at org.jboss.threads.JBossThread.run(JBossThread.java:483)

	at io.quarkus.test.junit.QuarkusTestExtension.throwBootFailureException(QuarkusTestExtension.java:634)
	at io.quarkus.test.junit.QuarkusTestExtension.interceptTestClassConstructor(QuarkusTestExtension.java:718)
	at java.base/java.util.Optional.orElseGet(Optional.java:364)
	at java.base/java.util.ArrayList.forEach(ArrayList.java:1511)
	at java.base/java.util.ArrayList.forEach(ArrayList.java:1511)
Caused by: java.lang.RuntimeException: io.quarkus.builder.BuildException: Build failure: Build failed due to errors
	[error]: Build step io.quarkus.deployment.steps.CapabilityAggregationStep#aggregateCapabilities threw an exception: java.lang.IllegalStateException: Please make sure there is only one provider of the following capabilities:
capability io.quarkus.rest is provided by:
  - io.quarkus:quarkus-rest:3.15.1
  - io.quarkus:quarkus-resteasy:3.15.1

	at io.quarkus.deployment.steps.CapabilityAggregationStep.aggregateCapabilities(CapabilityAggregationStep.java:158)
	at java.base/java.lang.invoke.MethodHandle.invokeWithArguments(MethodHandle.java:733)
	at io.quarkus.deployment.ExtensionLoader$3.execute(ExtensionLoader.java:856)
	at io.quarkus.builder.BuildContext.run(BuildContext.java:256)
	at org.jboss.threads.ContextHandler$1.runWith(ContextHandler.java:18)
	at org.jboss.threads.EnhancedQueueExecutor$Task.doRunWith(EnhancedQueueExecutor.java:2516)
	at org.jboss.threads.EnhancedQueueExecutor$Task.run(EnhancedQueueExecutor.java:2495)
	at org.jboss.threads.EnhancedQueueExecutor$ThreadBody.run(EnhancedQueueExecutor.java:1521)
	at java.base/java.lang.Thread.run(Thread.java:1589)
	at org.jboss.threads.JBossThread.run(JBossThread.java:483)

	at io.quarkus.runner.bootstrap.AugmentActionImpl.runAugment(AugmentActionImpl.java:354)
	at io.quarkus.runner.bootstrap.AugmentActionImpl.createInitialRuntimeApplication(AugmentActionImpl.java:272)
	at io.quarkus.runner.bootstrap.AugmentActionImpl.createInitialRuntimeApplication(AugmentActionImpl.java:62)
	at io.quarkus.test.junit.QuarkusTestExtension.doJavaStart(QuarkusTestExtension.java:219)
	at io.quarkus.test.junit.QuarkusTestExtension.ensureStarted(QuarkusTestExtension.java:601)
	at io.quarkus.test.junit.QuarkusTestExtension.beforeAll(QuarkusTestExtension.java:651)
	... 1 more
Caused by: io.quarkus.builder.BuildException: Build failure: Build failed due to errors
	[error]: Build step io.quarkus.deployment.steps.CapabilityAggregationStep#aggregateCapabilities threw an exception: java.lang.IllegalStateException: Please make sure there is only one provider of the following capabilities:
capability io.quarkus.rest is provided by:
  - io.quarkus:quarkus-rest:3.15.1
  - io.quarkus:quarkus-resteasy:3.15.1

	at io.quarkus.deployment.steps.CapabilityAggregationStep.aggregateCapabilities(CapabilityAggregationStep.java:158)
	at java.base/java.lang.invoke.MethodHandle.invokeWithArguments(MethodHandle.java:733)
	at io.quarkus.deployment.ExtensionLoader$3.execute(ExtensionLoader.java:856)
	at io.quarkus.builder.BuildContext.run(BuildContext.java:256)
	at org.jboss.threads.ContextHandler$1.runWith(ContextHandler.java:18)
	at org.jboss.threads.EnhancedQueueExecutor$Task.doRunWith(EnhancedQueueExecutor.java:2516)
	at org.jboss.threads.EnhancedQueueExecutor$Task.run(EnhancedQueueExecutor.java:2495)
	at org.jboss.threads.EnhancedQueueExecutor$ThreadBody.run(EnhancedQueueExecutor.java:1521)
	at java.base/java.lang.Thread.run(Thread.java:1589)
	at org.jboss.threads.JBossThread.run(JBossThread.java:483)

	at io.quarkus.builder.Execution.run(Execution.java:123)
	at io.quarkus.builder.BuildExecutionBuilder.execute(BuildExecutionBuilder.java:79)
	at io.quarkus.deployment.QuarkusAugmentor.run(QuarkusAugmentor.java:161)
	at io.quarkus.runner.bootstrap.AugmentActionImpl.runAugment(AugmentActionImpl.java:350)
	... 6 more
Caused by: java.lang.IllegalStateException: Please make sure there is only one provider of the following capabilities:
capability io.quarkus.rest is provided by:
  - io.quarkus:quarkus-rest:3.15.1
  - io.quarkus:quarkus-resteasy:3.15.1

	at io.quarkus.deployment.steps.CapabilityAggregationStep.aggregateCapabilities(CapabilityAggregationStep.java:158)
	at java.base/java.lang.invoke.MethodHandle.invokeWithArguments(MethodHandle.java:733)
	at io.quarkus.deployment.ExtensionLoader$3.execute(ExtensionLoader.java:856)
	at io.quarkus.builder.BuildContext.run(BuildContext.java:256)
	at org.jboss.threads.ContextHandler$1.runWith(ContextHandler.java:18)
	at org.jboss.threads.EnhancedQueueExecutor$Task.doRunWith(EnhancedQueueExecutor.java:2516)
	at org.jboss.threads.EnhancedQueueExecutor$Task.run(EnhancedQueueExecutor.java:2495)
	at org.jboss.threads.EnhancedQueueExecutor$ThreadBody.run(EnhancedQueueExecutor.java:1521)
	at java.base/java.lang.Thread.run(Thread.java:1589)
	at org.jboss.threads.JBossThread.run(JBossThread.java:483)
]]></error>
  </testcase>
  <testcase name="testEntityNotFoundForUpdate" classname="org.acme.hibernate.orm.panache.FruitsEndpointTest" time="0.0">
    <skipped type="org.opentest4j.TestAbortedException"><![CDATA[org.opentest4j.TestAbortedException: Boot failed
	at io.quarkus.test.junit.QuarkusTestExtension.throwBootFailureException(QuarkusTestExtension.java:636)
	at io.quarkus.test.junit.QuarkusTestExtension.interceptTestClassConstructor(QuarkusTestExtension.java:718)
	at java.base/java.util.Optional.orElseGet(Optional.java:364)
	at java.base/java.util.ArrayList.forEach(ArrayList.java:1511)
	at java.base/java.util.ArrayList.forEach(ArrayList.java:1511)
]]></skipped>
  </testcase>
  <testcase name="testListAllFruits" classname="org.acme.hibernate.orm.panache.FruitsEndpointTest" time="0.0">
    <skipped type="org.opentest4j.TestAbortedException"><![CDATA[org.opentest4j.TestAbortedException: Boot failed
	at io.quarkus.test.junit.QuarkusTestExtension.throwBootFailureException(QuarkusTestExtension.java:636)
	at io.quarkus.test.junit.QuarkusTestExtension.interceptTestClassConstructor(QuarkusTestExtension.java:718)
	at java.base/java.util.Optional.orElseGet(Optional.java:364)
	at java.base/java.util.ArrayList.forEach(ArrayList.java:1511)
	at java.base/java.util.ArrayList.forEach(ArrayList.java:1511)
]]></skipped>
  </testcase>
</testsuite>